<?xml version="1.0" encoding="UTF-8" ?>
<testsuite tests="40" failures="0" name="com.executor.TestRunner" time="0.003" errors="0" skipped="0">
  <properties>
    <property name="java.vendor" value="Oracle Corporation"/>
    <property name="JOB_NAME" value="BoxMaven"/>
    <property name="sun.java.launcher" value="SUN_STANDARD"/>
    <property name="NUMBER_OF_PROCESSORS" value="8"/>
    <property name="sun.management.compiler" value="HotSpot 64-Bit Tiered Compilers"/>
    <property name="JENKINS_HOME" value="C:\Users\DreamBook\.jenkins"/>
    <property name="FPS_BROWSER_USER_PROFILE_STRING" value="Default"/>
    <property name="HUDSON_SERVER_COOKIE" value="f2a33fa7e9459afe"/>
    <property name="POM_ARTIFACTID" value="TetraBox"/>
    <property name="os.name" value="Windows 10"/>
    <property name="sun.boot.class.path" value="C:\Program Files\Java\jdk1.8.0_161\jre\lib\resources.jar;C:\Program Files\Java\jdk1.8.0_161\jre\lib\rt.jar;C:\Program Files\Java\jdk1.8.0_161\jre\lib\sunrsasign.jar;C:\Program Files\Java\jdk1.8.0_161\jre\lib\jsse.jar;C:\Program Files\Java\jdk1.8.0_161\jre\lib\jce.jar;C:\Program Files\Java\jdk1.8.0_161\jre\lib\charsets.jar;C:\Program Files\Java\jdk1.8.0_161\jre\lib\jfr.jar;C:\Program Files\Java\jdk1.8.0_161\jre\classes"/>
    <property name="EXECUTOR_NUMBER" value="1"/>
    <property name="sun.desktop" value="windows"/>
    <property name="PATHEXT" value=".COM;.EXE;.BAT;.CMD;.VBS;.VBE;.JS;.JSE;.WSF;.WSH;.MSC"/>
    <property name="java.vm.specification.vendor" value="Oracle Corporation"/>
    <property name="POM_DISPLAYNAME" value="TetraBox"/>
    <property name="NODE_LABELS" value="master"/>
    <property name="TEMP" value="C:\Users\DREAMB~1\AppData\Local\Temp"/>
    <property name="java.runtime.version" value="1.8.0_161-b12"/>
    <property name="FPS_BROWSER_APP_PROFILE_STRING" value="Internet Explorer"/>
    <property name="user.name" value="Amit Dewan"/>
    <property name="guice.disable.misplaced.annotation.check" value="true"/>
    <property name="CommonProgramW6432" value="C:\Program Files\Common Files"/>
    <property name="ProgramFiles" value="C:\Program Files"/>
    <property name="PROMPT" value="$P$G"/>
    <property name="user.language" value="en"/>
    <property name="JOB_BASE_NAME" value="BoxMaven"/>
    <property name="RUN_CHANGES_DISPLAY_URL" value="http://unconfigured-jenkins-location/job/BoxMaven/4/display/redirect?page=changes"/>
    <property name="BUILD_DISPLAY_NAME" value="#4"/>
    <property name="OneDrive" value="C:\Users\Amit Dewan\OneDrive"/>
    <property name="sun.boot.library.path" value="C:\Program Files\Java\jdk1.8.0_161\jre\bin"/>
    <property name="LOCALAPPDATA" value="C:\Users\DreamBook\AppData\Local"/>
    <property name="java.version" value="1.8.0_161"/>
    <property name="PROCESSOR_LEVEL" value="6"/>
    <property name="user.timezone" value="Asia/Calcutta"/>
    <property name="USERNAME" value="Amit Dewan"/>
    <property name="sun.arch.data.model" value="64"/>
    <property name="NODE_NAME" value="master"/>
    <property name="java.endorsed.dirs" value="C:\Program Files\Java\jdk1.8.0_161\jre\lib\endorsed"/>
    <property name="BUILD_ID" value="4"/>
    <property name="sun.cpu.isalist" value="amd64"/>
    <property name="sun.jnu.encoding" value="Cp1252"/>
    <property name="file.encoding.pkg" value="sun.io"/>
    <property name="file.separator" value="\"/>
    <property name="java.specification.name" value="Java Platform API Specification"/>
    <property name="HOMEDRIVE" value="C:"/>
    <property name="maven.conf" value="C:\maven-3.5\conf"/>
    <property name="java.class.version" value="52.0"/>
    <property name="=::" value="::\"/>
    <property name="org.slf4j.simpleLogger.defaultLogLevel" value="info"/>
    <property name="user.country" value="IN"/>
    <property name="ALLUSERSPROFILE" value="C:\ProgramData"/>
    <property name="java.home" value="C:\Program Files\Java\jdk1.8.0_161\jre"/>
    <property name="java.vm.info" value="mixed mode"/>
    <property name="os.version" value="10.0"/>
    <property name="=ExitCode" value="00000082"/>
    <property name="RUN_DISPLAY_URL" value="http://unconfigured-jenkins-location/job/BoxMaven/4/display/redirect"/>
    <property name="POM_VERSION" value="1.0.0-SNAPSHOT"/>
    <property name="TMP" value="C:\Users\DREAMB~1\AppData\Local\Temp"/>
    <property name="path.separator" value=";"/>
    <property name="java.vm.version" value="25.161-b12"/>
    <property name="user.variant" value=""/>
    <property name="JOB_DISPLAY_URL" value="http://unconfigured-jenkins-location/job/BoxMaven/display/redirect"/>
    <property name="CommonProgramFiles(x86)" value="C:\Program Files (x86)\Common Files"/>
    <property name="USERDOMAIN_ROAMINGPROFILE" value="DREAMBOX"/>
    <property name="java.awt.printerjob" value="sun.awt.windows.WPrinterJob"/>
    <property name="JAVA_HOME" value="C:\Program Files\Java\jdk1.8.0_161"/>
    <property name="sun.io.unicode.encoding" value="UnicodeLittle"/>
    <property name="CommonProgramFiles" value="C:\Program Files\Common Files"/>
    <property name="ComSpec" value="C:\WINDOWS\system32\cmd.exe"/>
    <property name="awt.toolkit" value="sun.awt.windows.WToolkit"/>
    <property name="HOMEPATH" value="\Users\DreamBook"/>
    <property name="POM_PACKAGING" value="jar"/>
    <property name="user.script" value=""/>
    <property name="COMPUTERNAME" value="DREAMBOX"/>
    <property name="POM_GROUPID" value="com.box"/>
    <property name="user.home" value="C:\Users\DreamBook"/>
    <property name="PUBLIC" value="C:\Users\Public"/>
    <property name="BUILD_TAG" value="jenkins-BoxMaven-4"/>
    <property name="JENKINS_SERVER_COOKIE" value="f2a33fa7e9459afe"/>
    <property name="ProgramData" value="C:\ProgramData"/>
    <property name="java.specification.vendor" value="Oracle Corporation"/>
    <property name="USERPROFILE" value="C:\Users\DreamBook"/>
    <property name="CLASSPATH" value=""/>
    <property name="java.vendor.url" value="http://java.oracle.com/"/>
    <property name="java.library.path" value="C:\Program Files\Java\jdk1.8.0_161\bin;C:\WINDOWS\Sun\Java\bin;C:\WINDOWS\system32;C:\WINDOWS;C:\maven-3.5/bin;C:\Program Files\Java\jdk1.8.0_161/bin;C:\Program Files\Java\jdk1.8.0_161/bin;C:\ProgramData\Oracle\Java\javapath;C:\WINDOWS\system32;C:\WINDOWS;C:\WINDOWS\System32\Wbem;C:\WINDOWS\System32\WindowsPowerShell\v1.0\;C:\Program Files\Java\jdk1.8.0_161\bin;C:\maven-3.5\bin;C:\Program Files\nodejs\;C:\Python27;C:\Python27\Scripts;C:\Users\Amit Dewan\AppData\Local\Microsoft\WindowsApps;C:\Users\Amit Dewan\AppData\Roaming\npm;C:\Users\Amit Dewan\AppData\Local\atom\bin;C:\Users\DreamBook\AppData\Local\atom\bin;."/>
    <property name="java.vm.vendor" value="Oracle Corporation"/>
    <property name="APPDATA" value="C:\Users\DreamBook\AppData\Roaming"/>
    <property name="java.runtime.name" value="Java(TM) SE Runtime Environment"/>
    <property name="maven.home" value="C:\maven-3.5"/>
    <property name="java.class.path" value="C:\Users\DreamBook\.jenkins\plugins\maven-plugin\WEB-INF\lib\maven35-agent-1.12-alpha-1.jar;C:\maven-3.5\boot\plexus-classworlds-2.5.2.jar;C:\maven-3.5/conf/logging"/>
    <property name="sun.java.command" value="jenkins.maven3.agent.Maven35Main C:\maven-3.5 C:\Users\DreamBook\.jenkins\war\WEB-INF\lib\remoting-3.17.jar C:\Users\DreamBook\.jenkins\plugins\maven-plugin\WEB-INF\lib\maven35-interceptor-1.12-alpha-1.jar C:\Users\DreamBook\.jenkins\plugins\maven-plugin\WEB-INF\lib\maven3-interceptor-commons-1.12-alpha-1.jar 55955"/>
    <property name="Path" value="C:\Program Files\Java\jdk1.8.0_161/bin;C:\ProgramData\Oracle\Java\javapath;C:\WINDOWS\system32;C:\WINDOWS;C:\WINDOWS\System32\Wbem;C:\WINDOWS\System32\WindowsPowerShell\v1.0\;C:\Program Files\Java\jdk1.8.0_161\bin;C:\maven-3.5\bin;C:\Program Files\nodejs\;C:\Python27;C:\Python27\Scripts;C:\Users\Amit Dewan\AppData\Local\Microsoft\WindowsApps;C:\Users\Amit Dewan\AppData\Roaming\npm;C:\Users\Amit Dewan\AppData\Local\atom\bin;C:\Users\DreamBook\AppData\Local\atom\bin"/>
    <property name="java.vm.specification.name" value="Java Virtual Machine Specification"/>
    <property name="PROCESSOR_ARCHITECTURE" value="AMD64"/>
    <property name="PATH+JDK" value="C:\Program Files\Java\jdk1.8.0_161/bin"/>
    <property name="PROCESSOR_IDENTIFIER" value="Intel64 Family 6 Model 158 Stepping 9, GenuineIntel"/>
    <property name="SESSIONNAME" value="Console"/>
    <property name="java.vm.specification.version" value="1.8"/>
    <property name="sun.os.patch.level" value=""/>
    <property name="sun.cpu.endian" value="little"/>
    <property name="M2_HOME" value="C:\maven-3.5"/>
    <property name="=D:" value="d:\jenkins"/>
    <property name="java.io.tmpdir" value="C:\Users\DREAMB~1\AppData\Local\Temp\"/>
    <property name="OS" value="Windows_NT"/>
    <property name="HUDSON_HOME" value="C:\Users\DreamBook\.jenkins"/>
    <property name="PATH+MAVEN" value="C:\maven-3.5/bin"/>
    <property name="ProgramFiles(x86)" value="C:\Program Files (x86)"/>
    <property name="java.vendor.url.bug" value="http://bugreport.sun.com/bugreport/"/>
    <property name="java.awt.graphicsenv" value="sun.awt.Win32GraphicsEnvironment"/>
    <property name="os.arch" value="amd64"/>
    <property name="SystemRoot" value="C:\WINDOWS"/>
    <property name="java.ext.dirs" value="C:\Program Files\Java\jdk1.8.0_161\jre\lib\ext;C:\WINDOWS\Sun\Java\lib\ext"/>
    <property name="user.dir" value="D:\java-workspace\TetraBox"/>
    <property name="LOGONSERVER" value="\\DREAMBOX"/>
    <property name="USERDOMAIN" value="DREAMBOX"/>
    <property name="line.separator" value="
"/>
    <property name="MAVEN_HOME" value="C:\maven-3.5"/>
    <property name="java.vm.name" value="Java HotSpot(TM) 64-Bit Server VM"/>
    <property name="BUILD_NUMBER" value="4"/>
    <property name="PROCESSOR_REVISION" value="9e09"/>
    <property name="ProgramW6432" value="C:\Program Files"/>
    <property name="windir" value="C:\WINDOWS"/>
    <property name="=C:" value="C:\Users\DreamBook"/>
    <property name="file.encoding" value="Cp1252"/>
    <property name="SystemDrive" value="C:"/>
    <property name="maven3.interceptor" value="C:\Users\DreamBook\.jenkins\plugins\maven-plugin\WEB-INF\lib\maven35-interceptor-1.12-alpha-1.jar"/>
    <property name="WORKSPACE" value="D:\java-workspace\TetraBox"/>
    <property name="maven3.interceptor.common" value="C:\Users\DreamBook\.jenkins\plugins\maven-plugin\WEB-INF\lib\maven3-interceptor-commons-1.12-alpha-1.jar"/>
    <property name="java.specification.version" value="1.8"/>
    <property name="PSModulePath" value="C:\Program Files\WindowsPowerShell\Modules;C:\WINDOWS\system32\WindowsPowerShell\v1.0\Modules"/>
  </properties>
  <testcase classname="| h2so4in2008@gmail.com | Qazplm123 |" name="Given I want to navigate to box website" time="0.002"/>
  <testcase classname="| h2so4in2008@gmail.com | Qazplm123 |" name="Then page with title &quot;Box | Login&quot; should open" time="0"/>
  <testcase classname="| h2so4in2008@gmail.com | Qazplm123 |" name="When user enter &quot;h2so4in2008@gmail.com&quot; username" time="0"/>
  <testcase classname="| h2so4in2008@gmail.com | Qazplm123 |" name="And Click on Next button" time="0"/>
  <testcase classname="| h2so4in2008@gmail.com | Qazplm123 |" name="Then User should be able to enter &quot;Qazplm123&quot; password" time="0"/>
  <testcase classname="| h2so4in2008@gmail.com | Qazplm123 |" name="And user clicks on login button" time="0"/>
  <testcase classname="| h2so4in2008@gmail.com | Qazplm123 |" name="Then page with title &quot;All Files | Powered By Box&quot; should open" time="0"/>
  <testcase classname="| h2so4in2008@gmail.com | Qazplm123 |" name="When user clicks on logout button" time="0"/>
  <testcase classname="| h2so4in2008@gmail.com | Qazplm123 |" name="Then page with title &quot;Box | Login&quot; should open" time="0"/>
  <testcase classname="| h2so4in2008@gmail.com | Qazplm123 |" name="| h2so4in2008@gmail.com | Qazplm123 |" time="0"/>
  <testcase classname="| nancydhingra131@gmail.com | nancy131 |" name="Given I want to navigate to box website" time="0"/>
  <testcase classname="| nancydhingra131@gmail.com | nancy131 |" name="Then page with title &quot;Box | Login&quot; should open" time="0"/>
  <testcase classname="| nancydhingra131@gmail.com | nancy131 |" name="When user enter &quot;nancydhingra131@gmail.com&quot; username" time="0"/>
  <testcase classname="| nancydhingra131@gmail.com | nancy131 |" name="And Click on Next button" time="0"/>
  <testcase classname="| nancydhingra131@gmail.com | nancy131 |" name="Then User should be able to enter &quot;nancy131&quot; password" time="0"/>
  <testcase classname="| nancydhingra131@gmail.com | nancy131 |" name="And user clicks on login button" time="0"/>
  <testcase classname="| nancydhingra131@gmail.com | nancy131 |" name="Then page with title &quot;All Files | Powered By Box&quot; should open" time="0"/>
  <testcase classname="| nancydhingra131@gmail.com | nancy131 |" name="When user clicks on logout button" time="0"/>
  <testcase classname="| nancydhingra131@gmail.com | nancy131 |" name="Then page with title &quot;Box | Login&quot; should open" time="0"/>
  <testcase classname="| nancydhingra131@gmail.com | nancy131 |" name="| nancydhingra131@gmail.com | nancy131 |" time="0"/>
  <testcase classname="| h2so4in2008@gmail.com | Qazplm123 |" name="Given I want to navigate to box website" time="0"/>
  <testcase classname="| h2so4in2008@gmail.com | Qazplm123 |" name="Then page with title &quot;Box | Login&quot; should open" time="0"/>
  <testcase classname="| h2so4in2008@gmail.com | Qazplm123 |" name="When user enter &quot;h2so4in2008@gmail.com&quot; username" time="0"/>
  <testcase classname="| h2so4in2008@gmail.com | Qazplm123 |" name="And Click on Next button" time="0"/>
  <testcase classname="| h2so4in2008@gmail.com | Qazplm123 |" name="Then User should be able to enter &quot;Qazplm123&quot; password" time="0"/>
  <testcase classname="| h2so4in2008@gmail.com | Qazplm123 |" name="And user clicks on login button" time="0"/>
  <testcase classname="| h2so4in2008@gmail.com | Qazplm123 |" name="Then page with title &quot;All Files | Powered By Box&quot; should open" time="0"/>
  <testcase classname="| h2so4in2008@gmail.com | Qazplm123 |" name="When click on new button" time="0"/>
  <testcase classname="| h2so4in2008@gmail.com | Qazplm123 |" name="And click on new folder link" time="0"/>
  <testcase classname="| h2so4in2008@gmail.com | Qazplm123 |" name="Then Create folder pop up should get open" time="0"/>
  <testcase classname="| h2so4in2008@gmail.com | Qazplm123 |" name="And enter folder name given below:" time="0"/>
  <testcase classname="| h2so4in2008@gmail.com | Qazplm123 |" name="And click on create folder button" time="0"/>
  <testcase classname="| h2so4in2008@gmail.com | Qazplm123 |" name="When select the newly created folder row" time="0.001"/>
  <testcase classname="| h2so4in2008@gmail.com | Qazplm123 |" name="And click on Trash link" time="0"/>
  <testcase classname="| h2so4in2008@gmail.com | Qazplm123 |" name="Then confirm popup should get displayed" time="0"/>
  <testcase classname="| h2so4in2008@gmail.com | Qazplm123 |" name="And click on ok button" time="0"/>
  <testcase classname="| h2so4in2008@gmail.com | Qazplm123 |" name="Then page with title &quot;All Files | Powered By Box&quot; should open" time="0"/>
  <testcase classname="| h2so4in2008@gmail.com | Qazplm123 |" name="When user clicks on logout button" time="0"/>
  <testcase classname="| h2so4in2008@gmail.com | Qazplm123 |" name="Then page with title &quot;Box | Login&quot; should open" time="0"/>
  <testcase classname="| h2so4in2008@gmail.com | Qazplm123 |" name="| h2so4in2008@gmail.com | Qazplm123 |" time="0"/>
</testsuite>